<html>
<head>
<title>TestNG:  Command line test</title>
<link href="../testng.css" rel="stylesheet" type="text/css" />
<link href="../my-testng.css" rel="stylesheet" type="text/css" />

<style type="text/css">
.log { display: none;} 
.stack-trace { display: none;} 
</style>
<script type="text/javascript">
<!--
function flip(e) {
  current = e.style.display;
  if (current == 'block') {
    e.style.display = 'none';
    return 0;
  }
  else {
    e.style.display = 'block';
    return 1;
  }
}

function toggleBox(szDivId, elem, msg1, msg2)
{
  var res = -1;  if (document.getElementById) {
    res = flip(document.getElementById(szDivId));
  }
  else if (document.all) {
    // this is the way old msie versions work
    res = flip(document.all[szDivId]);
  }
  if(elem) {
    if(res == 0) elem.innerHTML = msg1; else elem.innerHTML = msg2;
  }

}

function toggleAllBoxes() {
  if (document.getElementsByTagName) {
    d = document.getElementsByTagName('div');
    for (i = 0; i < d.length; i++) {
      if (d[i].className == 'log') {
        flip(d[i]);
      }
    }
  }
}

// -->
</script>

</head>
<body>
<h2 align='center'>Command line test</h2><table border='1' align="center">
<tr>
<td>Tests passed/Failed/Skipped:</td><td>3/0/0</td>
</tr><tr>
<td>Started on:</td><td>Thu Jul 08 17:37:54 PDT 2021</td>
</tr>
<tr><td>Total time:</td><td>0 seconds (38 ms)</td>
</tr><tr>
<td>Included groups:</td><td></td>
</tr><tr>
<td>Excluded groups:</td><td></td>
</tr>
</table><p/>
<small><i>(Hover the method name to see the test class name)</i></small><p/>
<table width='100%' border='1' class='invocation-failed'>
<tr><td colspan='4' align='center'><b>FAILED TESTS</b></td></tr>
<tr><td><b>Test method</b></td>
<td width="30%"><b>Exception</b></td>
<td width="10%"><b>Time (seconds)</b></td>
<td><b>Instance</b></td>
</tr>
<tr>
<td title='nebula.test.testng.ParallelParameterizationTest.isOdd_ShouldReturnTrueForOddNumbers()'><b>isOdd_ShouldReturnTrueForOddNumbers</b><br>Test class: nebula.test.testng.ParallelParameterizationTest<br>Test method: Test for odd numbers</td>
<td><div><pre>org.testng.TestNGException: java.util.concurrent.ExecutionException: java.lang.NullPointerException
	at org.junit.support.testng.engine.TestNGTestEngine.configureAndRun(TestNGTestEngine.java:152)
	at org.junit.support.testng.engine.TestNGTestEngine.execute(TestNGTestEngine.java:137)
	at org.junit.platform.launcher.core.EngineExecutionOrchestrator.execute(EngineExecutionOrchestrator.java:108)
	at org.junit.platform.launcher.core.EngineExecutionOrchestrator.execute(EngineExecutionOrchestrator.java:88)
	at org.junit.platform.launcher.core.EngineExecutionOrchestrator.lambda$execute$0(EngineExecutionOrchestrator.java:54)
	at org.junit.platform.launcher.core.EngineExecutionOrchestrator.withInterceptedStreams(EngineExecutionOrchestrator.java:67)
	at org.junit.platform.launcher.core.EngineExecutionOrchestrator.execute(EngineExecutionOrchestrator.java:52)
	at org.junit.platform.launcher.core.DefaultLauncher.execute(DefaultLauncher.java:96)
	at org.junit.platform.launcher.core.DefaultLauncher.execute(DefaultLauncher.java:75)
	at com.sun.proxy.$Proxy2.stop(Unknown Source)
	at java.base/java.util.concurrent.ThreadPoolExecutor.runWorker(ThreadPoolExecutor.java:1128)
	at java.base/java.util.concurrent.ThreadPoolExecutor$Worker.run(ThreadPoolExecutor.java:628)
	at java.base/java.lang.Thread.run(Thread.java:829)
Caused by: java.util.concurrent.ExecutionException: java.lang.NullPointerException
	at java.base/java.util.concurrent.FutureTask.report(FutureTask.java:122)
	at java.base/java.util.concurrent.FutureTask.get(FutureTask.java:191)
	... 53 more
Caused by: java.lang.NullPointerException
	at org.junit.support.testng.engine.ExecutionListener.reportFinished(ExecutionListener.java:169)
	at org.junit.support.testng.engine.ExecutionListener.onTestSuccess(ExecutionListener.java:106)
	at java.base/java.util.concurrent.FutureTask.run(FutureTask.java:264)
	at java.base/java.util.concurrent.Executors$RunnableAdapter.call(Executors.java:515)
	at java.base/java.util.concurrent.FutureTask.run(FutureTask.java:264)
	at java.base/java.util.concurrent.ThreadPoolExecutor.runWorker(ThreadPoolExecutor.java:1128)
	at java.base/java.util.concurrent.ThreadPoolExecutor$Worker.run(ThreadPoolExecutor.java:628)
	... 1 more
... Removed 48 stack frames</pre></div><a href='#' onClick='toggleBox("stack-trace2110351028", this, "Click to show all stack frames", "Click to hide stack frames")'>Click to show all stack frames</a>
<div class='stack-trace' id='stack-trace2110351028'><pre>org.testng.TestNGException: java.util.concurrent.ExecutionException: java.lang.NullPointerException
	at org.testng.internal.PoolService.submitTasksAndWait(PoolService.java:53)
	at org.testng.internal.Invoker.invokeTestMethods(Invoker.java:970)
	at org.testng.internal.TestMethodWorker.invokeTestMethods(TestMethodWorker.java:125)
	at org.testng.internal.TestMethodWorker.run(TestMethodWorker.java:109)
	at org.testng.TestRunner.privateRun(TestRunner.java:648)
	at org.testng.TestRunner.run(TestRunner.java:505)
	at org.testng.SuiteRunner.runTest(SuiteRunner.java:455)
	at org.testng.SuiteRunner.runSequentially(SuiteRunner.java:450)
	at org.testng.SuiteRunner.privateRun(SuiteRunner.java:415)
	at org.testng.SuiteRunner.run(SuiteRunner.java:364)
	at org.testng.SuiteRunnerWorker.runSuite(SuiteRunnerWorker.java:52)
	at org.testng.SuiteRunnerWorker.run(SuiteRunnerWorker.java:84)
	at org.testng.TestNG.runSuitesSequentially(TestNG.java:1208)
	at org.testng.TestNG.runSuitesLocally(TestNG.java:1137)
	at org.testng.TestNG.runSuites(TestNG.java:1049)
	at org.testng.TestNG.run(TestNG.java:1017)
	at org.junit.support.testng.engine.TestNGTestEngine.configureAndRun(TestNGTestEngine.java:152)
	at org.junit.support.testng.engine.TestNGTestEngine.execute(TestNGTestEngine.java:137)
	at org.junit.platform.launcher.core.EngineExecutionOrchestrator.execute(EngineExecutionOrchestrator.java:108)
	at org.junit.platform.launcher.core.EngineExecutionOrchestrator.execute(EngineExecutionOrchestrator.java:88)
	at org.junit.platform.launcher.core.EngineExecutionOrchestrator.lambda$execute$0(EngineExecutionOrchestrator.java:54)
	at org.junit.platform.launcher.core.EngineExecutionOrchestrator.withInterceptedStreams(EngineExecutionOrchestrator.java:67)
	at org.junit.platform.launcher.core.EngineExecutionOrchestrator.execute(EngineExecutionOrchestrator.java:52)
	at org.junit.platform.launcher.core.DefaultLauncher.execute(DefaultLauncher.java:96)
	at org.junit.platform.launcher.core.DefaultLauncher.execute(DefaultLauncher.java:75)
	at org.gradle.api.internal.tasks.testing.junitplatform.JUnitPlatformTestClassProcessor$CollectAllTestClassesExecutor.processAllTestClasses(JUnitPlatformTestClassProcessor.java:99)
	at org.gradle.api.internal.tasks.testing.junitplatform.JUnitPlatformTestClassProcessor$CollectAllTestClassesExecutor.access$000(JUnitPlatformTestClassProcessor.java:79)
	at org.gradle.api.internal.tasks.testing.junitplatform.JUnitPlatformTestClassProcessor.stop(JUnitPlatformTestClassProcessor.java:75)
	at org.gradle.api.internal.tasks.testing.SuiteTestClassProcessor.stop(SuiteTestClassProcessor.java:61)
	at java.base/jdk.internal.reflect.NativeMethodAccessorImpl.invoke0(Native Method)
	at java.base/jdk.internal.reflect.NativeMethodAccessorImpl.invoke(NativeMethodAccessorImpl.java:62)
	at java.base/jdk.internal.reflect.DelegatingMethodAccessorImpl.invoke(DelegatingMethodAccessorImpl.java:43)
	at java.base/java.lang.reflect.Method.invoke(Method.java:566)
	at org.gradle.internal.dispatch.ReflectionDispatch.dispatch(ReflectionDispatch.java:36)
	at org.gradle.internal.dispatch.ReflectionDispatch.dispatch(ReflectionDispatch.java:24)
	at org.gradle.internal.dispatch.ContextClassLoaderDispatch.dispatch(ContextClassLoaderDispatch.java:33)
	at org.gradle.internal.dispatch.ProxyDispatchAdapter$DispatchingInvocationHandler.invoke(ProxyDispatchAdapter.java:94)
	at com.sun.proxy.$Proxy2.stop(Unknown Source)
	at org.gradle.api.internal.tasks.testing.worker.TestWorker.stop(TestWorker.java:135)
	at java.base/jdk.internal.reflect.NativeMethodAccessorImpl.invoke0(Native Method)
	at java.base/jdk.internal.reflect.NativeMethodAccessorImpl.invoke(NativeMethodAccessorImpl.java:62)
	at java.base/jdk.internal.reflect.DelegatingMethodAccessorImpl.invoke(DelegatingMethodAccessorImpl.java:43)
	at java.base/java.lang.reflect.Method.invoke(Method.java:566)
	at org.gradle.internal.dispatch.ReflectionDispatch.dispatch(ReflectionDispatch.java:36)
	at org.gradle.internal.dispatch.ReflectionDispatch.dispatch(ReflectionDispatch.java:24)
	at org.gradle.internal.remote.internal.hub.MessageHubBackedObjectConnection$DispatchWrapper.dispatch(MessageHubBackedObjectConnection.java:182)
	at org.gradle.internal.remote.internal.hub.MessageHubBackedObjectConnection$DispatchWrapper.dispatch(MessageHubBackedObjectConnection.java:164)
	at org.gradle.internal.remote.internal.hub.MessageHub$Handler.run(MessageHub.java:414)
	at org.gradle.internal.concurrent.ExecutorPolicy$CatchAndRecordFailures.onExecute(ExecutorPolicy.java:64)
	at org.gradle.internal.concurrent.ManagedExecutorImpl$1.run(ManagedExecutorImpl.java:48)
	at java.base/java.util.concurrent.ThreadPoolExecutor.runWorker(ThreadPoolExecutor.java:1128)
	at java.base/java.util.concurrent.ThreadPoolExecutor$Worker.run(ThreadPoolExecutor.java:628)
	at org.gradle.internal.concurrent.ThreadFactoryImpl$ManagedThreadRunnable.run(ThreadFactoryImpl.java:56)
	at java.base/java.lang.Thread.run(Thread.java:829)
Caused by: java.util.concurrent.ExecutionException: java.lang.NullPointerException
	at java.base/java.util.concurrent.FutureTask.report(FutureTask.java:122)
	at java.base/java.util.concurrent.FutureTask.get(FutureTask.java:191)
	at org.testng.internal.PoolService.submitTasksAndWait(PoolService.java:51)
	... 53 more
Caused by: java.lang.NullPointerException
	at org.junit.support.testng.engine.ExecutionListener.reportFinished(ExecutionListener.java:169)
	at org.junit.support.testng.engine.ExecutionListener.onTestSuccess(ExecutionListener.java:106)
	at org.testng.internal.TestListenerHelper.runTestListeners(TestListenerHelper.java:70)
	at org.testng.internal.Invoker.runTestListeners(Invoker.java:1389)
	at org.testng.internal.Invoker.invokeMethod(Invoker.java:636)
	at org.testng.internal.Invoker.invokeTestMethod(Invoker.java:719)
	at org.testng.internal.TestMethodWithDataProviderMethodWorker.call(TestMethodWithDataProviderMethodWorker.java:71)
	at org.testng.internal.TestMethodWithDataProviderMethodWorker.call(TestMethodWithDataProviderMethodWorker.java:14)
	at java.base/java.util.concurrent.FutureTask.run(FutureTask.java:264)
	at java.base/java.util.concurrent.Executors$RunnableAdapter.call(Executors.java:515)
	at java.base/java.util.concurrent.FutureTask.run(FutureTask.java:264)
	at java.base/java.util.concurrent.ThreadPoolExecutor.runWorker(ThreadPoolExecutor.java:1128)
	at java.base/java.util.concurrent.ThreadPoolExecutor$Worker.run(ThreadPoolExecutor.java:628)
	... 1 more
</pre></div></td>
<td>0</td>
<td>nebula.test.testng.ParallelParameterizationTest@7bb251bd</td></tr>
</table><p>
<table width='100%' border='1' class='invocation-passed'>
<tr><td colspan='4' align='center'><b>PASSED TESTS</b></td></tr>
<tr><td><b>Test method</b></td>
<td width="30%"><b>Exception</b></td>
<td width="10%"><b>Time (seconds)</b></td>
<td><b>Instance</b></td>
</tr>
<tr>
<td title='nebula.test.testng.ParallelParameterizationTest.isOdd_ShouldReturnTrueForOddNumbers()'><b>isOdd_ShouldReturnTrueForOddNumbers</b><br>Test class: nebula.test.testng.ParallelParameterizationTest<br>Test method: Test for odd numbers<br>Parameters: 11</td>
<td></td>
<td>0</td>
<td>nebula.test.testng.ParallelParameterizationTest@7bb251bd</td></tr>
<tr>
<td title='nebula.test.testng.ParallelParameterizationTest.isOdd_ShouldReturnTrueForOddNumbers()'><b>isOdd_ShouldReturnTrueForOddNumbers</b><br>Test class: nebula.test.testng.ParallelParameterizationTest<br>Test method: Test for odd numbers<br>Parameters: 9</td>
<td></td>
<td>0</td>
<td>nebula.test.testng.ParallelParameterizationTest@7bb251bd</td></tr>
<tr>
<td title='nebula.test.testng.ParallelParameterizationTest.isOdd_ShouldReturnTrueForOddNumbers()'><b>isOdd_ShouldReturnTrueForOddNumbers</b><br>Test class: nebula.test.testng.ParallelParameterizationTest<br>Test method: Test for odd numbers<br>Parameters: 5</td>
<td></td>
<td>0</td>
<td>nebula.test.testng.ParallelParameterizationTest@7bb251bd</td></tr>
<tr>
<td title='nebula.test.testng.ParallelParameterizationTest.isOdd_ShouldReturnTrueForOddNumbers()'><b>isOdd_ShouldReturnTrueForOddNumbers</b><br>Test class: nebula.test.testng.ParallelParameterizationTest<br>Test method: Test for odd numbers<br>Parameters: 13</td>
<td></td>
<td>0</td>
<td>nebula.test.testng.ParallelParameterizationTest@7bb251bd</td></tr>
<tr>
<td title='nebula.test.testng.ParallelParameterizationTest.isOdd_ShouldReturnTrueForOddNumbers()'><b>isOdd_ShouldReturnTrueForOddNumbers</b><br>Test class: nebula.test.testng.ParallelParameterizationTest<br>Test method: Test for odd numbers<br>Parameters: 3</td>
<td></td>
<td>0</td>
<td>nebula.test.testng.ParallelParameterizationTest@7bb251bd</td></tr>
<tr>
<td title='nebula.test.testng.ParallelParameterizationTest.isOdd_ShouldReturnTrueForOddNumbers()'><b>isOdd_ShouldReturnTrueForOddNumbers</b><br>Test class: nebula.test.testng.ParallelParameterizationTest<br>Test method: Test for odd numbers<br>Parameters: 1</td>
<td></td>
<td>0</td>
<td>nebula.test.testng.ParallelParameterizationTest@7bb251bd</td></tr>
<tr>
<td title='nebula.test.testng.ParallelParameterizationTest.isOdd_ShouldReturnTrueForOddNumbers()'><b>isOdd_ShouldReturnTrueForOddNumbers</b><br>Test class: nebula.test.testng.ParallelParameterizationTest<br>Test method: Test for odd numbers<br>Parameters: 15</td>
<td></td>
<td>0</td>
<td>nebula.test.testng.ParallelParameterizationTest@7bb251bd</td></tr>
<tr>
<td title='nebula.test.testng.ParallelParameterizationTest.isOdd_ShouldReturnTrueForOddNumbers()'><b>isOdd_ShouldReturnTrueForOddNumbers</b><br>Test class: nebula.test.testng.ParallelParameterizationTest<br>Test method: Test for odd numbers<br>Parameters: 7</td>
<td></td>
<td>0</td>
<td>nebula.test.testng.ParallelParameterizationTest@7bb251bd</td></tr>
<tr>
<td title='nebula.test.testng.ParallelParameterizationTest.isOdd_ShouldReturnTrueForOddNumbers()'><b>isOdd_ShouldReturnTrueForOddNumbers</b><br>Test class: nebula.test.testng.ParallelParameterizationTest<br>Test method: Test for odd numbers<br>Parameters: -5</td>
<td></td>
<td>0</td>
<td>nebula.test.testng.ParallelParameterizationTest@7bb251bd</td></tr>
<tr>
<td title='nebula.test.testng.ParallelParameterizationTest.isOdd_ShouldReturnTrueForOddNumbers()'><b>isOdd_ShouldReturnTrueForOddNumbers</b><br>Test class: nebula.test.testng.ParallelParameterizationTest<br>Test method: Test for odd numbers<br>Parameters: 2147483647</td>
<td></td>
<td>0</td>
<td>nebula.test.testng.ParallelParameterizationTest@7bb251bd</td></tr>
<tr>
<td title='nebula.test.testng.ParallelParameterizationTest.isOdd_ShouldReturnTrueForOddNumbers()'><b>isOdd_ShouldReturnTrueForOddNumbers</b><br>Test class: nebula.test.testng.ParallelParameterizationTest<br>Test method: Test for odd numbers<br>Parameters: -3</td>
<td></td>
<td>0</td>
<td>nebula.test.testng.ParallelParameterizationTest@7bb251bd</td></tr>
</table><p>
</body>
</html>